<?xml version="1.0" encoding="UTF-8"?>
<testsuite xmlns:xsi="http://www.w3.org/2001/XMLSchema-instance" xsi:noNamespaceSchemaLocation="https://maven.apache.org/surefire/maven-surefire-plugin/xsd/surefire-test-report.xsd" version="3.0.2" name="com.cognizant.employeemanagement.EurekaServerApplicationTests" time="8.073" tests="1" errors="0" skipped="0" failures="0">
  <properties>
[...]
</properties>
  <testcase name="contextLoads" classname="com.cognizant.employeemanagement.EurekaServerApplicationTests" time="2.739">
    <system-out><![CDATA[19:40:31.794 [main] INFO org.springframework.test.context.support.AnnotationConfigContextLoaderUtils -- Could not detect default configuration classes for test class [com.cognizant.employeemanagement.EurekaServerApplicationTests]: EurekaServerApplicationTests does not declare any static, non-private, non-final, nested classes annotated with @Configuration.
19:40:31.921 [main] INFO org.springframework.boot.test.context.SpringBootTestContextBootstrapper -- Found @SpringBootConfiguration com.cognizant.employeemanagement.EurekaServerApplication for test class com.cognizant.employeemanagement.EurekaServerApplicationTests

  .   ____          _            __ _ _
 /\\ / ___'_ __ _ _(_)_ __  __ _ \ \ \ \
( ( )\___ | '_ | '_| | '_ \/ _` | \ \ \ \
 \\/  ___)| |_)| | | | | || (_| |  ) ) ) )
  '  |____| .__|_| |_|_| |_\__, | / / / /
 =========|_|==============|___/=/_/_/_/

 :: Spring Boot ::                (v3.4.5)

2025-05-08T19:40:32.719+05:30  INFO 5544 --- [eureka-server] [           main] c.c.e.EurekaServerApplicationTests       : Starting EurekaServerApplicationTests using Java 21.0.4 with PID 5544 (started by 2395617 in C:\Users\2395617\Downloads\micro\micro\EurekaServer)
2025-05-08T19:40:32.720+05:30  INFO 5544 --- [eureka-server] [           main] c.c.e.EurekaServerApplicationTests       : No active profile set, falling back to 1 default profile: "default"
2025-05-08T19:40:34.028+05:30  INFO 5544 --- [eureka-server] [           main] o.s.cloud.context.scope.GenericScope     : BeanFactory id=5a688da8-8151-3d27-8e65-b84ad34ad496
2025-05-08T19:40:34.762+05:30  INFO 5544 --- [eureka-server] [           main] o.s.v.b.OptionalValidatorFactoryBean     : Failed to set up a Bean Validation provider: jakarta.validation.NoProviderFoundException: Unable to create a Configuration, because no Jakarta Bean Validation provider could be found. Add a provider like Hibernate Validator (RI) to your classpath.
2025-05-08T19:40:35.990+05:30  WARN 5544 --- [eureka-server] [           main] iguration$LoadBalancerCaffeineWarnLogger : Spring Cloud LoadBalancer is currently working with the default cache. While this cache implementation is useful for development and tests, it's recommended to use Caffeine cache in production.You can switch to using Caffeine cache, by adding it and org.springframework.cache.caffeine.CaffeineCacheManager to the classpath.
2025-05-08T19:40:36.345+05:30  INFO 5544 --- [eureka-server] [           main] o.s.c.n.eureka.InstanceInfoFactory       : Setting initial instance status as: STARTING
2025-05-08T19:40:36.391+05:30  INFO 5544 --- [eureka-server] [           main] com.netflix.discovery.DiscoveryClient    : Initializing Eureka in region us-east-1
2025-05-08T19:40:36.394+05:30  INFO 5544 --- [eureka-server] [           main] com.netflix.discovery.DiscoveryClient    : Client configured to neither register nor query for data.
2025-05-08T19:40:36.399+05:30  INFO 5544 --- [eureka-server] [           main] com.netflix.discovery.DiscoveryClient    : Discovery Client initialized at timestamp 1746713436398 with initial instances count: 0
2025-05-08T19:40:36.460+05:30  INFO 5544 --- [eureka-server] [           main] c.n.eureka.DefaultEurekaServerContext    : Initializing ...
2025-05-08T19:40:36.464+05:30  WARN 5544 --- [eureka-server] [           main] c.n.eureka.cluster.PeerEurekaNodes       : The replica size seems to be empty. Check the route 53 DNS Registry
2025-05-08T19:40:36.477+05:30  INFO 5544 --- [eureka-server] [           main] c.n.e.registry.AbstractInstanceRegistry  : Finished initializing remote region registries. All known remote regions: []
2025-05-08T19:40:36.477+05:30  INFO 5544 --- [eureka-server] [           main] c.n.eureka.DefaultEurekaServerContext    : Initialized
2025-05-08T19:40:36.667+05:30  INFO 5544 --- [eureka-server] [           main] o.s.b.a.e.web.EndpointLinksResolver      : Exposing 1 endpoint beneath base path '/actuator'
2025-05-08T19:40:36.741+05:30  INFO 5544 --- [eureka-server] [           main] o.s.c.n.e.s.EurekaServiceRegistry        : Registering application EUREKA-SERVER with eureka with status UP
2025-05-08T19:40:36.760+05:30  INFO 5544 --- [eureka-server] [      Thread-10] o.s.c.n.e.server.EurekaServerBootstrap   : isAws returned false
2025-05-08T19:40:36.761+05:30  INFO 5544 --- [eureka-server] [      Thread-10] o.s.c.n.e.server.EurekaServerBootstrap   : Initialized server context
2025-05-08T19:40:36.761+05:30  INFO 5544 --- [eureka-server] [      Thread-10] c.n.e.r.PeerAwareInstanceRegistryImpl    : Got 1 instances from neighboring DS node
2025-05-08T19:40:36.761+05:30  INFO 5544 --- [eureka-server] [           main] c.c.e.EurekaServerApplicationTests       : Started EurekaServerApplicationTests in 4.421 seconds (process running for 5.913)
2025-05-08T19:40:36.762+05:30  INFO 5544 --- [eureka-server] [      Thread-10] c.n.e.r.PeerAwareInstanceRegistryImpl    : Renew threshold is: 1
2025-05-08T19:40:36.762+05:30  INFO 5544 --- [eureka-server] [      Thread-10] c.n.e.r.PeerAwareInstanceRegistryImpl    : Changing status to UP
2025-05-08T19:40:36.766+05:30  INFO 5544 --- [eureka-server] [      Thread-10] e.s.EurekaServerInitializerConfiguration : Started Eureka Server
]]></system-out>
    <system-err><![CDATA[Mockito is currently self-attaching to enable the inline-mock-maker. This will no longer work in future releases of the JDK. Please add Mockito as an agent to your build what is described in Mockito's documentation: https://javadoc.io/doc/org.mockito/mockito-core/latest/org/mockito/Mockito.html#0.3
WARNING: A Java agent has been loaded dynamically (C:\Users\2395617\.m2\repository\net\bytebuddy\byte-buddy-agent\1.15.11\byte-buddy-agent-1.15.11.jar)
WARNING: If a serviceability tool is in use, please run with -XX:+EnableDynamicAgentLoading to hide this warning
WARNING: If a serviceability tool is not in use, please run with -Djdk.instrument.traceUsage for more information
WARNING: Dynamic loading of agents will be disallowed by default in a future release
]]></system-err>
  </testcase>
</testsuite>